Build started 10/21/2015 10:25:04 AM.
     1>Project "C:\Users\Timothy\Documents\Visual Studio 2015\Projects\Battleship\Battleship - Juan Rodriguez\Battleship - Juan Rodriguez.vcxproj" on node 2 (Build target(s)).
     1>ClCompile:
         C:\Program Files (x86)\Microsoft Visual Studio 14.0\VC\bin\CL.exe /c /Zi /nologo /W3 /WX- /sdl /O2 /Oi /Oy- /GL /D WIN32 /D NDEBUG /D _CONSOLE /D _LIB /D _UNICODE /D UNICODE /Gm- /EHsc /MD /GS /Gy /fp:precise /Zc:wchar_t /Zc:forScope /Zc:inline /Fo"Release\\" /Fd"Release\vc140.pdb" /Gd /TP /analyze- /errorReport:prompt Game.cpp Ship.cpp main.cpp
         Game.cpp
         Ship.cpp
         main.cpp
       Link:
         C:\Program Files (x86)\Microsoft Visual Studio 14.0\VC\bin\link.exe /ERRORREPORT:PROMPT /OUT:"C:\Users\Timothy\Documents\Visual Studio 2015\Projects\Battleship\Release\Battleship - Juan Rodriguez.exe" /INCREMENTAL:NO /NOLOGO kernel32.lib user32.lib gdi32.lib winspool.lib comdlg32.lib advapi32.lib shell32.lib ole32.lib oleaut32.lib uuid.lib odbc32.lib odbccp32.lib /MANIFEST /MANIFESTUAC:"level='asInvoker' uiAccess='false'" /manifest:embed /Debug /PDB:"C:\Users\Timothy\Documents\Visual Studio 2015\Projects\Battleship\Release\Battleship - Juan Rodriguez.pdb" /SUBSYSTEM:CONSOLE /OPT:REF /OPT:ICF /LTCG:incremental /TLBID:1 /DYNAMICBASE /NXCOMPAT /IMPLIB:"C:\Users\Timothy\Documents\Visual Studio 2015\Projects\Battleship\Release\Battleship - Juan Rodriguez.lib" /MACHINE:X86 /SAFESEH Release\Game.obj
         Release\main.obj
         Release\Ship.obj
         Generating code
         37 of 138 functions (26.8%) were compiled, the rest were copied from previous compilation.
           25 functions were new in current compilation
           17 functions had inline decision re-evaluated but remain unchanged
         Finished generating code
         Battleship - Juan Rodriguez.vcxproj -> C:\Users\Timothy\Documents\Visual Studio 2015\Projects\Battleship\Release\Battleship - Juan Rodriguez.exe
     1>Done Building Project "C:\Users\Timothy\Documents\Visual Studio 2015\Projects\Battleship\Battleship - Juan Rodriguez\Battleship - Juan Rodriguez.vcxproj" (Build target(s)).

Build succeeded.

Time Elapsed 00:00:02.07
